Using pre-set license
Built from '2020.3/staging' branch; Version is '2020.3.23f1 (c5d91304a876) revision 12966163'; Using compiler version '192528614'; Build Type 'Release'
OS: 'Windows 10 Home Single Language; OS build 19043.1466; Version 2009; 64bit' Language: 'tr' Physical Memory: 16272 MB
BatchMode: 1, IsHumanControllingUs: 0, StartBugReporterOnCrash: 0, Is64bit: 1, IsPro: 0

COMMAND LINE ARGUMENTS:
D:\2020.3.23f1\Editor\Unity.exe
-adb2
-batchMode
-noUpm
-name
AssetImportWorker0
-projectPath
C:/Users/thrcn/Documents/GitHub/FreedomRun/FreedomRun
-logFile
Logs/AssetImportWorker0.log
-srvPort
56390
Successfully changed project path to: C:/Users/thrcn/Documents/GitHub/FreedomRun/FreedomRun
C:/Users/thrcn/Documents/GitHub/FreedomRun/FreedomRun
Using Asset Import Pipeline V2.
Refreshing native plugins compatible for Editor in 67.77 ms, found 2 plugins.
Preloading 0 native plugins for Editor in 0.00 ms.
Initialize engine version: 2020.3.23f1 (c5d91304a876)
[Subsystems] Discovering subsystems at path D:/2020.3.23f1/Editor/Data/Resources/UnitySubsystems
[Subsystems] Discovering subsystems at path C:/Users/thrcn/Documents/GitHub/FreedomRun/FreedomRun/Assets
GfxDevice: creating device client; threaded=0
Direct3D:
    Version:  Direct3D 11.0 [level 11.1]
    Renderer: NVIDIA GeForce GTX 1050 Ti (ID=0x1c8c)
    Vendor:   
    VRAM:     4019 MB
    Driver:   30.0.15.1165
Initialize mono
Mono path[0] = 'D:/2020.3.23f1/Editor/Data/Managed'
Mono path[1] = 'D:/2020.3.23f1/Editor/Data/MonoBleedingEdge/lib/mono/unityjit'
Mono config path = 'D:/2020.3.23f1/Editor/Data/MonoBleedingEdge/etc'
Using monoOptions --debugger-agent=transport=dt_socket,embedding=1,server=y,suspend=n,address=127.0.0.1:56964
Begin MonoManager ReloadAssembly
Registering precompiled unity dll's ...
Register platform support module: D:/2020.3.23f1/Editor/Data/PlaybackEngines/WindowsStandaloneSupport/UnityEditor.WindowsStandalone.Extensions.dll
Registered in 0.001146 seconds.
Native extension for WindowsStandalone target not found
Refreshing native plugins compatible for Editor in 77.58 ms, found 2 plugins.
Preloading 0 native plugins for Editor in 0.00 ms.
Mono: successfully reloaded assembly
- Completed reload, in  0.862 seconds
Domain Reload Profiling:
	ReloadAssembly (862ms)
		BeginReloadAssembly (64ms)
			ExecutionOrderSort (0ms)
			DisableScriptedObjects (0ms)
			BackupInstance (0ms)
			ReleaseScriptingObjects (0ms)
			CreateAndSetChildDomain (1ms)
		EndReloadAssembly (711ms)
			LoadAssemblies (63ms)
			RebuildTransferFunctionScriptingTraits (0ms)
			SetupTypeCache (211ms)
			ReleaseScriptCaches (0ms)
			RebuildScriptCaches (46ms)
			SetupLoadedEditorAssemblies (291ms)
				LogAssemblyErrors (0ms)
				InitializePlatformSupportModulesInManaged (5ms)
				SetLoadedEditorAssemblies (0ms)
				RefreshPlugins (78ms)
				BeforeProcessingInitializeOnLoad (26ms)
				ProcessInitializeOnLoadAttributes (128ms)
				ProcessInitializeOnLoadMethodAttributes (53ms)
				AfterProcessingInitializeOnLoad (0ms)
				EditorAssembliesLoaded (0ms)
			ExecutionOrderSort2 (0ms)
			AwakeInstancesAfterBackupRestoration (0ms)
Platform modules already initialized, skipping
Registering precompiled user dll's ...
Registered in 0.010814 seconds.
Begin MonoManager ReloadAssembly
Native extension for WindowsStandalone target not found
Refreshing native plugins compatible for Editor in 1.15 ms, found 2 plugins.
Preloading 0 native plugins for Editor in 0.00 ms.
Mono: successfully reloaded assembly
- Completed reload, in  1.348 seconds
Domain Reload Profiling:
	ReloadAssembly (1349ms)
		BeginReloadAssembly (192ms)
			ExecutionOrderSort (0ms)
			DisableScriptedObjects (7ms)
			BackupInstance (0ms)
			ReleaseScriptingObjects (0ms)
			CreateAndSetChildDomain (24ms)
		EndReloadAssembly (1077ms)
			LoadAssemblies (119ms)
			RebuildTransferFunctionScriptingTraits (0ms)
			SetupTypeCache (390ms)
			ReleaseScriptCaches (0ms)
			RebuildScriptCaches (58ms)
			SetupLoadedEditorAssemblies (402ms)
				LogAssemblyErrors (0ms)
				InitializePlatformSupportModulesInManaged (8ms)
				SetLoadedEditorAssemblies (1ms)
				RefreshPlugins (1ms)
				BeforeProcessingInitializeOnLoad (103ms)
				ProcessInitializeOnLoadAttributes (271ms)
				ProcessInitializeOnLoadMethodAttributes (15ms)
				AfterProcessingInitializeOnLoad (3ms)
				EditorAssembliesLoaded (0ms)
			ExecutionOrderSort2 (0ms)
			AwakeInstancesAfterBackupRestoration (9ms)
Platform modules already initialized, skipping
========================================================================
Worker process is ready to serve import requests
Launched and connected shader compiler UnityShaderCompiler.exe after 0.10 seconds
Refreshing native plugins compatible for Editor in 0.62 ms, found 2 plugins.
Preloading 0 native plugins for Editor in 0.00 ms.
Unloading 1743 Unused Serialized files (Serialized files now loaded: 0)
System memory in use before: 76.2 MB.
System memory in use after: 76.3 MB.

Unloading 25 unused Assets to reduce memory usage. Loaded Objects now: 2170.
Total: 4.037300 ms (FindLiveObjects: 0.247400 ms CreateObjectMapping: 0.096400 ms MarkObjects: 3.598000 ms  DeleteObjects: 0.093700 ms)

AssetImportParameters requested are different than current active one (requested -> active):
  custom:framework-win-MediaFoundation: 216162199b28c13a410421893ffa2e32 -> 
  custom:video-decoder-ogg-theora: a1e56fd34408186e4bbccfd4996cb3dc -> 
  custom:container-muxer-webm: aa71ff27fc2769a1b78a27578f13a17b -> 
  custom:container-demuxer-webm: 4f35f7cbe854078d1ac9338744f61a02 -> 
  custom:container-demuxer-ogg: 62fdf1f143b41e24485cea50d1cbac27 -> 
  custom:video-encoder-webm-vp8: eb34c28f22e8b96e1ab97ce403110664 -> 
  custom:video-codec-MediaFoundation-h265: 746d11721c4dcdbdad8f713fa42b33f4 -> 
  custom:video-decoder-webm-vp8: 9c59270c3fd7afecdb556c50c9e8de78 -> 
  custom:audio-decoder-ogg-vorbis: bf7c407c2cedff20999df2af8eb42d56 -> 
  custom:audio-encoder-webm-vorbis: bf7c407c2cedff20999df2af8eb42d56 -> 
========================================================================
Received Import Request.
  path: Assets/Scripts/Map/Bullet.cs
  artifactKey: Guid(80f1c66305c026d48becd0f66bb4579d) Importer(815301076,1909f56bfc062723c751e8b465ee728b)
Start importing Assets/Scripts/Map/Bullet.cs using Guid(80f1c66305c026d48becd0f66bb4579d) Importer(815301076,1909f56bfc062723c751e8b465ee728b)  -> (artifact id: 'c95d53ad9f82d733508d4c19a43a5d9a') in 0.061438 seconds 
  Import took 0.065163 seconds .

========================================================================
Received Import Request.
  Time since last request: 3627.205271 seconds.
  path: Assets/Asset Store/2D_Character_Rust
  artifactKey: Guid(6f0cde6ad7369a647ae7cc4004040ba9) Importer(815301076,1909f56bfc062723c751e8b465ee728b)
Start importing Assets/Asset Store/2D_Character_Rust using Guid(6f0cde6ad7369a647ae7cc4004040ba9) Importer(815301076,1909f56bfc062723c751e8b465ee728b)  -> (artifact id: '7096e489049e632cebbd7a4f8ddbaf03') in 0.009347 seconds 
  Import took 0.015394 seconds .

========================================================================
Received Import Request.
  Time since last request: 2.687663 seconds.
  path: Assets/Asset Store/2D_Character_Rust/Srites
  artifactKey: Guid(f784660e27e90dc4a8ec6e529e96ecae) Importer(815301076,1909f56bfc062723c751e8b465ee728b)
Start importing Assets/Asset Store/2D_Character_Rust/Srites using Guid(f784660e27e90dc4a8ec6e529e96ecae) Importer(815301076,1909f56bfc062723c751e8b465ee728b)  -> (artifact id: 'd90ff0bd2416cae08470b475684f77ed') in 0.008738 seconds 
  Import took 0.011481 seconds .

========================================================================
Received Import Request.
  Time since last request: 0.140537 seconds.
  path: Assets/Asset Store/2D_Character_Rust/Srites/1_00.png
  artifactKey: Guid(f1f41c1189a9b594ba94ba234b97bc8e) Importer(815301076,1909f56bfc062723c751e8b465ee728b)
Start importing Assets/Asset Store/2D_Character_Rust/Srites/1_00.png using Guid(f1f41c1189a9b594ba94ba234b97bc8e) Importer(815301076,1909f56bfc062723c751e8b465ee728b)  -> (artifact id: '7c3f6188f45c1a04fcbc201907b83f78') in 0.132309 seconds 
  Import took 0.135178 seconds .

========================================================================
Received Import Request.
  Time since last request: 0.000326 seconds.
  path: Assets/Asset Store/2D_Character_Rust/Srites/1_16.png
  artifactKey: Guid(3a129043bffd00b409bb6f7efbc73735) Importer(815301076,1909f56bfc062723c751e8b465ee728b)
Start importing Assets/Asset Store/2D_Character_Rust/Srites/1_16.png using Guid(3a129043bffd00b409bb6f7efbc73735) Importer(815301076,1909f56bfc062723c751e8b465ee728b)  -> (artifact id: 'f16624d953c20a32492bc3a8c969d9e3') in 0.022070 seconds 
  Import took 0.024962 seconds .

========================================================================
Received Import Request.
  Time since last request: 0.000311 seconds.
  path: Assets/Asset Store/2D_Character_Rust/Srites/1_21.png
  artifactKey: Guid(1ac5e88393fc8554a9cbbbe3bd60b7c7) Importer(815301076,1909f56bfc062723c751e8b465ee728b)
Start importing Assets/Asset Store/2D_Character_Rust/Srites/1_21.png using Guid(1ac5e88393fc8554a9cbbbe3bd60b7c7) Importer(815301076,1909f56bfc062723c751e8b465ee728b)  -> (artifact id: 'b0ffb7b7108b4be635853e3857d472ed') in 0.019631 seconds 
  Import took 0.023363 seconds .

========================================================================
Received Import Request.
  Time since last request: 0.000507 seconds.
  path: Assets/Asset Store/2D_Character_Rust/Srites/1_14.png
  artifactKey: Guid(f3382520802f27a468a0007b3ef16501) Importer(815301076,1909f56bfc062723c751e8b465ee728b)
Start importing Assets/Asset Store/2D_Character_Rust/Srites/1_14.png using Guid(f3382520802f27a468a0007b3ef16501) Importer(815301076,1909f56bfc062723c751e8b465ee728b)  -> (artifact id: 'b7d8b8fbd1e3c1c7316067baff29b7c7') in 0.028151 seconds 
  Import took 0.032028 seconds .

========================================================================
Received Import Request.
  Time since last request: 0.000331 seconds.
  path: Assets/Asset Store/2D_Character_Rust/Srites/1_08.png
  artifactKey: Guid(89f31f1a8b439694081c10f17846f495) Importer(815301076,1909f56bfc062723c751e8b465ee728b)
Start importing Assets/Asset Store/2D_Character_Rust/Srites/1_08.png using Guid(89f31f1a8b439694081c10f17846f495) Importer(815301076,1909f56bfc062723c751e8b465ee728b)  -> (artifact id: 'aa5c32a588d31d569d7f83328fc45c91') in 0.021017 seconds 
  Import took 0.024471 seconds .

========================================================================
Received Import Request.
  Time since last request: 0.000318 seconds.
  path: Assets/Asset Store/2D_Character_Rust/Srites/1_05.png
  artifactKey: Guid(5e3c04029fcd7db428cd0e5752275807) Importer(815301076,1909f56bfc062723c751e8b465ee728b)
Start importing Assets/Asset Store/2D_Character_Rust/Srites/1_05.png using Guid(5e3c04029fcd7db428cd0e5752275807) Importer(815301076,1909f56bfc062723c751e8b465ee728b)  -> (artifact id: 'cdf0d506ede9bc0342b49ffab426a06b') in 0.023009 seconds 
  Import took 0.026197 seconds .

========================================================================
Received Import Request.
  Time since last request: 0.000280 seconds.
  path: Assets/Asset Store/2D_Character_Rust/Srites/1_01.png
  artifactKey: Guid(5af31a12d5d727740929f93bdea2e906) Importer(815301076,1909f56bfc062723c751e8b465ee728b)
Start importing Assets/Asset Store/2D_Character_Rust/Srites/1_01.png using Guid(5af31a12d5d727740929f93bdea2e906) Importer(815301076,1909f56bfc062723c751e8b465ee728b)  -> (artifact id: 'b7de1be624d35c90c9a77235215fb89e') in 0.020150 seconds 
  Import took 0.023428 seconds .

========================================================================
Received Import Request.
  Time since last request: 0.000331 seconds.
  path: Assets/Asset Store/2D_Character_Rust/Srites/1_17.png
  artifactKey: Guid(a0153a04660b6464ba8000582400cd40) Importer(815301076,1909f56bfc062723c751e8b465ee728b)
Start importing Assets/Asset Store/2D_Character_Rust/Srites/1_17.png using Guid(a0153a04660b6464ba8000582400cd40) Importer(815301076,1909f56bfc062723c751e8b465ee728b)  -> (artifact id: 'dbe51855faf02108b276f9795afab562') in 0.022001 seconds 
  Import took 0.025552 seconds .

========================================================================
Received Import Request.
  Time since last request: 0.000274 seconds.
  path: Assets/Asset Store/2D_Character_Rust/Srites/1_04.png
  artifactKey: Guid(adb0469dcda4c674a8a18efd33c9b347) Importer(815301076,1909f56bfc062723c751e8b465ee728b)
Start importing Assets/Asset Store/2D_Character_Rust/Srites/1_04.png using Guid(adb0469dcda4c674a8a18efd33c9b347) Importer(815301076,1909f56bfc062723c751e8b465ee728b)  -> (artifact id: '64e7a713583874607af9e03bdcd0e493') in 0.021541 seconds 
  Import took 0.024495 seconds .

========================================================================
Received Import Request.
  Time since last request: 0.000304 seconds.
  path: Assets/Asset Store/2D_Character_Rust/Srites/1_06.png
  artifactKey: Guid(5e8f3f5bad54e83429f6e286f0bcf8fb) Importer(815301076,1909f56bfc062723c751e8b465ee728b)
Start importing Assets/Asset Store/2D_Character_Rust/Srites/1_06.png using Guid(5e8f3f5bad54e83429f6e286f0bcf8fb) Importer(815301076,1909f56bfc062723c751e8b465ee728b)  -> (artifact id: '232003a857f1092c62ad95cadfebf233') in 0.020548 seconds 
  Import took 0.023726 seconds .

========================================================================
Received Import Request.
  Time since last request: 0.000277 seconds.
  path: Assets/Asset Store/2D_Character_Rust/Srites/1_12.png
  artifactKey: Guid(bfe12b32778c63847bd8c8ab3494ac70) Importer(815301076,1909f56bfc062723c751e8b465ee728b)
Start importing Assets/Asset Store/2D_Character_Rust/Srites/1_12.png using Guid(bfe12b32778c63847bd8c8ab3494ac70) Importer(815301076,1909f56bfc062723c751e8b465ee728b)  -> (artifact id: 'f972c450a68e2319e90524cd543cbe0b') in 0.019830 seconds 
  Import took 0.023219 seconds .

========================================================================
Received Import Request.
  Time since last request: 0.000292 seconds.
  path: Assets/Asset Store/2D_Character_Rust/Srites/1_31.png
  artifactKey: Guid(5db29c38e0b52b04c9bf3b27bca2609e) Importer(815301076,1909f56bfc062723c751e8b465ee728b)
Start importing Assets/Asset Store/2D_Character_Rust/Srites/1_31.png using Guid(5db29c38e0b52b04c9bf3b27bca2609e) Importer(815301076,1909f56bfc062723c751e8b465ee728b)  -> (artifact id: 'dbd5099ed45a626e96b266aab88cd260') in 0.024240 seconds 
  Import took 0.027852 seconds .

========================================================================
Received Import Request.
  Time since last request: 0.000352 seconds.
  path: Assets/Asset Store/2D_Character_Rust/Srites/1_20.png
  artifactKey: Guid(0b68d3edb0de60d4f9e697c09e525967) Importer(815301076,1909f56bfc062723c751e8b465ee728b)
Start importing Assets/Asset Store/2D_Character_Rust/Srites/1_20.png using Guid(0b68d3edb0de60d4f9e697c09e525967) Importer(815301076,1909f56bfc062723c751e8b465ee728b)  -> (artifact id: '2321ec6b20c907be349232bf6d524301') in 0.022729 seconds 
  Import took 0.027152 seconds .

========================================================================
Received Import Request.
  Time since last request: 0.000386 seconds.
  path: Assets/Asset Store/2D_Character_Rust/Srites/1_07.png
  artifactKey: Guid(d96cca51a4708ef4d9ed397a544fc59c) Importer(815301076,1909f56bfc062723c751e8b465ee728b)
Start importing Assets/Asset Store/2D_Character_Rust/Srites/1_07.png using Guid(d96cca51a4708ef4d9ed397a544fc59c) Importer(815301076,1909f56bfc062723c751e8b465ee728b)  -> (artifact id: 'b435906d01d6b0587bcbc5bf11d05576') in 0.021785 seconds 
  Import took 0.026297 seconds .

========================================================================
Received Import Request.
  Time since last request: 0.000291 seconds.
  path: Assets/Asset Store/2D_Character_Rust/Srites/1_03.png
  artifactKey: Guid(271e18a1d4a955f40a2491dbbd545041) Importer(815301076,1909f56bfc062723c751e8b465ee728b)
Start importing Assets/Asset Store/2D_Character_Rust/Srites/1_03.png using Guid(271e18a1d4a955f40a2491dbbd545041) Importer(815301076,1909f56bfc062723c751e8b465ee728b)  -> (artifact id: '55e3192b631643fd11e6063fd6bd8b17') in 0.022467 seconds 
  Import took 0.026138 seconds .

========================================================================
Received Import Request.
  Time since last request: 0.000295 seconds.
  path: Assets/Asset Store/2D_Character_Rust/Srites/1_09.png
  artifactKey: Guid(8bbf3e6cee4060a4cb77586f6cbfd3d4) Importer(815301076,1909f56bfc062723c751e8b465ee728b)
Start importing Assets/Asset Store/2D_Character_Rust/Srites/1_09.png using Guid(8bbf3e6cee4060a4cb77586f6cbfd3d4) Importer(815301076,1909f56bfc062723c751e8b465ee728b)  -> (artifact id: 'f39819e83e45698cdc19d03400add0f0') in 0.021543 seconds 
  Import took 0.025029 seconds .

========================================================================
Received Import Request.
  Time since last request: 0.000272 seconds.
  path: Assets/Asset Store/2D_Character_Rust/Srites/1_22.png
  artifactKey: Guid(3180784f64842684cba4a73088543be2) Importer(815301076,1909f56bfc062723c751e8b465ee728b)
Start importing Assets/Asset Store/2D_Character_Rust/Srites/1_22.png using Guid(3180784f64842684cba4a73088543be2) Importer(815301076,1909f56bfc062723c751e8b465ee728b)  -> (artifact id: '5f82a397e8ce70617ccf6c79f0c4f6c7') in 0.021590 seconds 
  Import took 0.024833 seconds .

========================================================================
Received Import Request.
  Time since last request: 0.000281 seconds.
  path: Assets/Asset Store/2D_Character_Rust/Srites/1_23.png
  artifactKey: Guid(edef96396ba8670469cc140660e4380e) Importer(815301076,1909f56bfc062723c751e8b465ee728b)
Start importing Assets/Asset Store/2D_Character_Rust/Srites/1_23.png using Guid(edef96396ba8670469cc140660e4380e) Importer(815301076,1909f56bfc062723c751e8b465ee728b)  -> (artifact id: '566e30db9e8450e4e155da2edb62a8a6') in 0.019424 seconds 
  Import took 0.022600 seconds .

========================================================================
Received Import Request.
  Time since last request: 0.000264 seconds.
  path: Assets/Asset Store/2D_Character_Rust/Srites/1_24.png
  artifactKey: Guid(6f3bde51099734240b11022eb9295f32) Importer(815301076,1909f56bfc062723c751e8b465ee728b)
Start importing Assets/Asset Store/2D_Character_Rust/Srites/1_24.png using Guid(6f3bde51099734240b11022eb9295f32) Importer(815301076,1909f56bfc062723c751e8b465ee728b)  -> (artifact id: '5d36deb6a592544e5c9c6a199e001728') in 0.022581 seconds 
  Import took 0.026129 seconds .

========================================================================
Received Import Request.
  Time since last request: 0.000560 seconds.
  path: Assets/Asset Store/2D_Character_Rust/Srites/1_25.png
  artifactKey: Guid(451298e450725df4aa8412c040a37987) Importer(815301076,1909f56bfc062723c751e8b465ee728b)
Start importing Assets/Asset Store/2D_Character_Rust/Srites/1_25.png using Guid(451298e450725df4aa8412c040a37987) Importer(815301076,1909f56bfc062723c751e8b465ee728b)  -> (artifact id: 'b4a6d4cb9c69b42db5a1cddedcd96f37') in 0.023866 seconds 
  Import took 0.028009 seconds .

========================================================================
Received Import Request.
  Time since last request: 0.000329 seconds.
  path: Assets/Asset Store/2D_Character_Rust/Srites/1_10.png
  artifactKey: Guid(0069071b862dc5b4f97dcc86ee9fda1e) Importer(815301076,1909f56bfc062723c751e8b465ee728b)
Start importing Assets/Asset Store/2D_Character_Rust/Srites/1_10.png using Guid(0069071b862dc5b4f97dcc86ee9fda1e) Importer(815301076,1909f56bfc062723c751e8b465ee728b)  -> (artifact id: '413c97ebef83e4c0e4d9eada1a04ede0') in 0.021322 seconds 
  Import took 0.024730 seconds .

========================================================================
Received Import Request.
  Time since last request: 0.000294 seconds.
  path: Assets/Asset Store/2D_Character_Rust/Srites/1_11.png
  artifactKey: Guid(e74815e0f1e77b8459485d5928d0324c) Importer(815301076,1909f56bfc062723c751e8b465ee728b)
Start importing Assets/Asset Store/2D_Character_Rust/Srites/1_11.png using Guid(e74815e0f1e77b8459485d5928d0324c) Importer(815301076,1909f56bfc062723c751e8b465ee728b)  -> (artifact id: 'cd7afddb2f1f70bdd4bcfe8dfa9b1ed4') in 0.020185 seconds 
  Import took 0.023702 seconds .

========================================================================
Received Import Request.
  Time since last request: 0.000514 seconds.
  path: Assets/Asset Store/2D_Character_Rust/Srites/1_26.png
  artifactKey: Guid(20cde8055c183ca459df9000a845ec6f) Importer(815301076,1909f56bfc062723c751e8b465ee728b)
Start importing Assets/Asset Store/2D_Character_Rust/Srites/1_26.png using Guid(20cde8055c183ca459df9000a845ec6f) Importer(815301076,1909f56bfc062723c751e8b465ee728b)  -> (artifact id: '8cd9cca9d04b234695d5d17c6c09fd8f') in 0.019576 seconds 
  Import took 0.022825 seconds .

========================================================================
Received Import Request.
  Time since last request: 0.000253 seconds.
  path: Assets/Asset Store/2D_Character_Rust/Srites/1_13.png
  artifactKey: Guid(e7cfa51b6aba10841bda307745ba91c2) Importer(815301076,1909f56bfc062723c751e8b465ee728b)
Start importing Assets/Asset Store/2D_Character_Rust/Srites/1_13.png using Guid(e7cfa51b6aba10841bda307745ba91c2) Importer(815301076,1909f56bfc062723c751e8b465ee728b)  -> (artifact id: 'c2faae51a01ac2b582dc7391d34ec949') in 0.017931 seconds 
  Import took 0.021578 seconds .

========================================================================
Received Import Request.
  Time since last request: 0.000338 seconds.
  path: Assets/Asset Store/2D_Character_Rust/Srites/1_19.png
  artifactKey: Guid(d73a3cf618e406a4386b77f3edd0edf4) Importer(815301076,1909f56bfc062723c751e8b465ee728b)
Start importing Assets/Asset Store/2D_Character_Rust/Srites/1_19.png using Guid(d73a3cf618e406a4386b77f3edd0edf4) Importer(815301076,1909f56bfc062723c751e8b465ee728b)  -> (artifact id: '5921c44563e12f58148f6232070dd58b') in 0.025364 seconds 
  Import took 0.028511 seconds .

========================================================================
Received Import Request.
  Time since last request: 0.000319 seconds.
  path: Assets/Asset Store/2D_Character_Rust/Srites/1_15.png
  artifactKey: Guid(163aa32652cc10742a26ed4a8b696df6) Importer(815301076,1909f56bfc062723c751e8b465ee728b)
Start importing Assets/Asset Store/2D_Character_Rust/Srites/1_15.png using Guid(163aa32652cc10742a26ed4a8b696df6) Importer(815301076,1909f56bfc062723c751e8b465ee728b)  -> (artifact id: 'c7a1a92908108c000e078be9aadcba38') in 0.020646 seconds 
  Import took 0.024389 seconds .

========================================================================
Received Import Request.
  Time since last request: 0.000379 seconds.
  path: Assets/Asset Store/2D_Character_Rust/Srites/1_27.png
  artifactKey: Guid(8a8197305e02c514690dbea0cb9a66a5) Importer(815301076,1909f56bfc062723c751e8b465ee728b)
Start importing Assets/Asset Store/2D_Character_Rust/Srites/1_27.png using Guid(8a8197305e02c514690dbea0cb9a66a5) Importer(815301076,1909f56bfc062723c751e8b465ee728b)  -> (artifact id: '1ad5e04bc921a41ee1a6e9399a512722') in 0.020872 seconds 
  Import took 0.025191 seconds .

========================================================================
Received Import Request.
  Time since last request: 0.000315 seconds.
  path: Assets/Asset Store/2D_Character_Rust/Srites/1_28.png
  artifactKey: Guid(98630b390999ad04698c2153788b81d8) Importer(815301076,1909f56bfc062723c751e8b465ee728b)
Start importing Assets/Asset Store/2D_Character_Rust/Srites/1_28.png using Guid(98630b390999ad04698c2153788b81d8) Importer(815301076,1909f56bfc062723c751e8b465ee728b)  -> (artifact id: 'fd87cff67121f2ef08487f6bc1935891') in 0.023719 seconds 
  Import took 0.027689 seconds .

========================================================================
Received Import Request.
  Time since last request: 0.000452 seconds.
  path: Assets/Asset Store/2D_Character_Rust/Srites/1_30.png
  artifactKey: Guid(90a7d7172053b7b40a02b2201faf01ee) Importer(815301076,1909f56bfc062723c751e8b465ee728b)
Start importing Assets/Asset Store/2D_Character_Rust/Srites/1_30.png using Guid(90a7d7172053b7b40a02b2201faf01ee) Importer(815301076,1909f56bfc062723c751e8b465ee728b)  -> (artifact id: 'bbe9730d212b83be8d837ee81d48734c') in 0.023165 seconds 
  Import took 0.026593 seconds .

========================================================================
Received Import Request.
  Time since last request: 0.000349 seconds.
  path: Assets/Asset Store/2D_Character_Rust/Srites/1_29.png
  artifactKey: Guid(586f29f9d2664534ea52d45f7629ec4b) Importer(815301076,1909f56bfc062723c751e8b465ee728b)
Start importing Assets/Asset Store/2D_Character_Rust/Srites/1_29.png using Guid(586f29f9d2664534ea52d45f7629ec4b) Importer(815301076,1909f56bfc062723c751e8b465ee728b)  -> (artifact id: '1cece85dc6999896fdfd1a503e18a393') in 0.025359 seconds 
  Import took 0.029314 seconds .

========================================================================
Received Import Request.
  Time since last request: 0.000387 seconds.
  path: Assets/Asset Store/2D_Character_Rust/Srites/1_02.png
  artifactKey: Guid(8772d3085a9659b4ba207e975e1112cd) Importer(815301076,1909f56bfc062723c751e8b465ee728b)
Start importing Assets/Asset Store/2D_Character_Rust/Srites/1_02.png using Guid(8772d3085a9659b4ba207e975e1112cd) Importer(815301076,1909f56bfc062723c751e8b465ee728b)  -> (artifact id: 'c1c4dac2d1b5b5e677a14be9228e687c') in 0.025075 seconds 
  Import took 0.029446 seconds .

========================================================================
Received Import Request.
  Time since last request: 0.000341 seconds.
  path: Assets/Asset Store/2D_Character_Rust/Srites/1_32.png
  artifactKey: Guid(a57d7df3617b6774f9a39d8de74ca93a) Importer(815301076,1909f56bfc062723c751e8b465ee728b)
Start importing Assets/Asset Store/2D_Character_Rust/Srites/1_32.png using Guid(a57d7df3617b6774f9a39d8de74ca93a) Importer(815301076,1909f56bfc062723c751e8b465ee728b)  -> (artifact id: '7e88821d883fea9d4613aca2bfdb98b2') in 0.021918 seconds 
  Import took 0.026691 seconds .

========================================================================
Received Import Request.
  Time since last request: 0.000260 seconds.
  path: Assets/Asset Store/2D_Character_Rust/Srites/1_36.png
  artifactKey: Guid(2317807045a0b0d43b869e3a4eed8240) Importer(815301076,1909f56bfc062723c751e8b465ee728b)
Start importing Assets/Asset Store/2D_Character_Rust/Srites/1_36.png using Guid(2317807045a0b0d43b869e3a4eed8240) Importer(815301076,1909f56bfc062723c751e8b465ee728b)  -> (artifact id: '5e7b4ee8b96fbdf2c75f1fef13790480') in 0.022772 seconds 
  Import took 0.026420 seconds .

========================================================================
Received Import Request.
  Time since last request: 0.000293 seconds.
  path: Assets/Asset Store/2D_Character_Rust/Srites/1_34.png
  artifactKey: Guid(e221f73c54d519b4aaadd0991b9c0bfe) Importer(815301076,1909f56bfc062723c751e8b465ee728b)
Start importing Assets/Asset Store/2D_Character_Rust/Srites/1_34.png using Guid(e221f73c54d519b4aaadd0991b9c0bfe) Importer(815301076,1909f56bfc062723c751e8b465ee728b)  -> (artifact id: '99d0bf7042e4009cc6693a9049420f40') in 0.024958 seconds 
  Import took 0.029282 seconds .

========================================================================
Received Import Request.
  Time since last request: 0.000305 seconds.
  path: Assets/Asset Store/2D_Character_Rust/Srites/1_38.png
  artifactKey: Guid(62c88cb32585fac4897bc4999fff100c) Importer(815301076,1909f56bfc062723c751e8b465ee728b)
Start importing Assets/Asset Store/2D_Character_Rust/Srites/1_38.png using Guid(62c88cb32585fac4897bc4999fff100c) Importer(815301076,1909f56bfc062723c751e8b465ee728b)  -> (artifact id: '4873394b680f5a2d0043b4696cf86219') in 0.026737 seconds 
  Import took 0.030401 seconds .

========================================================================
Received Import Request.
  Time since last request: 0.000297 seconds.
  path: Assets/Asset Store/2D_Character_Rust/Srites/1_39.png
  artifactKey: Guid(31ce75dd11a1f03469e8b91952290469) Importer(815301076,1909f56bfc062723c751e8b465ee728b)
Start importing Assets/Asset Store/2D_Character_Rust/Srites/1_39.png using Guid(31ce75dd11a1f03469e8b91952290469) Importer(815301076,1909f56bfc062723c751e8b465ee728b)  -> (artifact id: '7c19d14e36d110758b07e9ce79a58429') in 0.024511 seconds 
  Import took 0.028591 seconds .

========================================================================
Received Import Request.
  Time since last request: 0.000318 seconds.
  path: Assets/Asset Store/2D_Character_Rust/Srites/1_35.png
  artifactKey: Guid(90fd1f44f9e1d2f4da4adc6dc199708a) Importer(815301076,1909f56bfc062723c751e8b465ee728b)
Start importing Assets/Asset Store/2D_Character_Rust/Srites/1_35.png using Guid(90fd1f44f9e1d2f4da4adc6dc199708a) Importer(815301076,1909f56bfc062723c751e8b465ee728b)  -> (artifact id: 'fc3661d8a9de4749732b080087c5d735') in 0.026224 seconds 
  Import took 0.030338 seconds .

========================================================================
Received Import Request.
  Time since last request: 0.000277 seconds.
  path: Assets/Asset Store/2D_Character_Rust/Srites/Note.png
  artifactKey: Guid(fc3a995a63de20943abdcd31e6cc949e) Importer(815301076,1909f56bfc062723c751e8b465ee728b)
Start importing Assets/Asset Store/2D_Character_Rust/Srites/Note.png using Guid(fc3a995a63de20943abdcd31e6cc949e) Importer(815301076,1909f56bfc062723c751e8b465ee728b)  -> (artifact id: 'c984fd49af16045b840d59b58b780607') in 0.025342 seconds 
  Import took 0.030196 seconds .

========================================================================
Received Import Request.
  Time since last request: 0.000367 seconds.
  path: Assets/Asset Store/2D_Character_Rust/Srites/1_33.png
  artifactKey: Guid(c1fe64e4e76a0234cb5563b7b2e477b8) Importer(815301076,1909f56bfc062723c751e8b465ee728b)
Start importing Assets/Asset Store/2D_Character_Rust/Srites/1_33.png using Guid(c1fe64e4e76a0234cb5563b7b2e477b8) Importer(815301076,1909f56bfc062723c751e8b465ee728b)  -> (artifact id: '561c2084074c4567f70a6ab8f8df7493') in 0.025435 seconds 
  Import took 0.029309 seconds .

========================================================================
Received Import Request.
  Time since last request: 0.000287 seconds.
  path: Assets/Asset Store/2D_Character_Rust/Srites/1_37.png
  artifactKey: Guid(f387d5b42e2650d4e9dfa40047f985cf) Importer(815301076,1909f56bfc062723c751e8b465ee728b)
Start importing Assets/Asset Store/2D_Character_Rust/Srites/1_37.png using Guid(f387d5b42e2650d4e9dfa40047f985cf) Importer(815301076,1909f56bfc062723c751e8b465ee728b)  -> (artifact id: '7b03b4d9bbb2f2612901fb81678aeae0') in 0.023620 seconds 
  Import took 0.027494 seconds .

========================================================================
Received Import Request.
  Time since last request: 0.000301 seconds.
  path: Assets/Asset Store/2D_Character_Rust/Srites/1_18.png
  artifactKey: Guid(4facd0caa5c3f0941b67979917380d97) Importer(815301076,1909f56bfc062723c751e8b465ee728b)
Start importing Assets/Asset Store/2D_Character_Rust/Srites/1_18.png using Guid(4facd0caa5c3f0941b67979917380d97) Importer(815301076,1909f56bfc062723c751e8b465ee728b)  -> (artifact id: '8943ac7a0e387f9568827e66ce71496c') in 0.026520 seconds 
  Import took 0.030688 seconds .

========================================================================
Received Import Request.
  Time since last request: 30.391351 seconds.
  path: Assets/Asset Store/2D_Character_Rust/Spine/2D_Character_Rust.png
  artifactKey: Guid(63cd33b86d2c97a498778e846917deb9) Importer(815301076,1909f56bfc062723c751e8b465ee728b)
Start importing Assets/Asset Store/2D_Character_Rust/Spine/2D_Character_Rust.png using Guid(63cd33b86d2c97a498778e846917deb9) Importer(815301076,1909f56bfc062723c751e8b465ee728b)  -> (artifact id: '58c2bd448be64347d251f6d210bdd10e') in 0.032050 seconds 
  Import took 0.035233 seconds .

========================================================================
Received Import Request.
  Time since last request: 0.976789 seconds.
  path: Assets/Asset Store/2D_Character_Rust/PSD/2D_Character_Rust.psd
  artifactKey: Guid(9a28fd2f412f1a64d979232971d178ee) Importer(815301076,1909f56bfc062723c751e8b465ee728b)
Start importing Assets/Asset Store/2D_Character_Rust/PSD/2D_Character_Rust.psd using Guid(9a28fd2f412f1a64d979232971d178ee) Importer(815301076,1909f56bfc062723c751e8b465ee728b)  -> (artifact id: 'ffb5a02029d289b7b2e56e3094c8a2bd') in 0.017120 seconds 
  Import took 0.019850 seconds .

========================================================================
Received Import Request.
  Time since last request: 40.569749 seconds.
  path: Assets/Asset Store/2D_Character_Rust/Textures/Body_00.png
  artifactKey: Guid(afeaa30de5907fe4ba27f1685bf8a36c) Importer(815301076,1909f56bfc062723c751e8b465ee728b)
Start importing Assets/Asset Store/2D_Character_Rust/Textures/Body_00.png using Guid(afeaa30de5907fe4ba27f1685bf8a36c) Importer(815301076,1909f56bfc062723c751e8b465ee728b)  -> (artifact id: '909e0298187b89565aaec5dfa4425eb9') in 0.020629 seconds 
  Import took 0.024463 seconds .

========================================================================
Received Import Request.
  Time since last request: 0.000352 seconds.
  path: Assets/Asset Store/2D_Character_Rust/Textures/Face_00.png
  artifactKey: Guid(752e28df95a672f49a7bbc348ece1ffa) Importer(815301076,1909f56bfc062723c751e8b465ee728b)
Start importing Assets/Asset Store/2D_Character_Rust/Textures/Face_00.png using Guid(752e28df95a672f49a7bbc348ece1ffa) Importer(815301076,1909f56bfc062723c751e8b465ee728b)  -> (artifact id: '5f974b5dc3f1cce99c37716d7b5ef476') in 0.024487 seconds 
  Import took 0.028302 seconds .

========================================================================
Received Import Request.
  Time since last request: 0.000281 seconds.
  path: Assets/Asset Store/2D_Character_Rust/Textures/Gun_Demo_1.png
  artifactKey: Guid(19297c517ee80d64eae8061bd3e7e26c) Importer(815301076,1909f56bfc062723c751e8b465ee728b)
Start importing Assets/Asset Store/2D_Character_Rust/Textures/Gun_Demo_1.png using Guid(19297c517ee80d64eae8061bd3e7e26c) Importer(815301076,1909f56bfc062723c751e8b465ee728b)  -> (artifact id: 'adbd5ed9859a27db14cf603c45842335') in 0.024397 seconds 
  Import took 0.027628 seconds .

========================================================================
Received Import Request.
  Time since last request: 0.000354 seconds.
  path: Assets/Asset Store/2D_Character_Rust/Textures/Hand_R_02.png
  artifactKey: Guid(5d4c726a2a4eb8942b02ea2faa90d061) Importer(815301076,1909f56bfc062723c751e8b465ee728b)
Start importing Assets/Asset Store/2D_Character_Rust/Textures/Hand_R_02.png using Guid(5d4c726a2a4eb8942b02ea2faa90d061) Importer(815301076,1909f56bfc062723c751e8b465ee728b)  -> (artifact id: '11c7b36248f2ae95e4e9ed179f5d59da') in 0.029589 seconds 
  Import took 0.033383 seconds .

========================================================================
Received Import Request.
  Time since last request: 0.000317 seconds.
  path: Assets/Asset Store/2D_Character_Rust/Textures/Hand_R_01.png
  artifactKey: Guid(56cab28897f1b18429921f9d11360408) Importer(815301076,1909f56bfc062723c751e8b465ee728b)
Start importing Assets/Asset Store/2D_Character_Rust/Textures/Hand_R_01.png using Guid(56cab28897f1b18429921f9d11360408) Importer(815301076,1909f56bfc062723c751e8b465ee728b)  -> (artifact id: 'a67483abd9f1a21ae574359cbe14a3b4') in 0.027393 seconds 
  Import took 0.030771 seconds .

========================================================================
Received Import Request.
  Time since last request: 0.000323 seconds.
  path: Assets/Asset Store/2D_Character_Rust/Textures/Gun_Demo_6.png
  artifactKey: Guid(518b2a5e42545d747a7852462b6e7c52) Importer(815301076,1909f56bfc062723c751e8b465ee728b)
Start importing Assets/Asset Store/2D_Character_Rust/Textures/Gun_Demo_6.png using Guid(518b2a5e42545d747a7852462b6e7c52) Importer(815301076,1909f56bfc062723c751e8b465ee728b)  -> (artifact id: '6824037c7b136fd3ba246f7d9077341f') in 0.024215 seconds 
  Import took 0.027985 seconds .

========================================================================
Received Import Request.
  Time since last request: 0.000567 seconds.
  path: Assets/Asset Store/2D_Character_Rust/Textures/Hand_L_00.png
  artifactKey: Guid(0aa72abd8b0cc2741aa57bf9d99ad4e8) Importer(815301076,1909f56bfc062723c751e8b465ee728b)
Start importing Assets/Asset Store/2D_Character_Rust/Textures/Hand_L_00.png using Guid(0aa72abd8b0cc2741aa57bf9d99ad4e8) Importer(815301076,1909f56bfc062723c751e8b465ee728b)  -> (artifact id: '1f5b0b717fdb5f0b92148ed0008c4340') in 0.028392 seconds 
  Import took 0.032922 seconds .

========================================================================
Received Import Request.
  Time since last request: 0.000247 seconds.
  path: Assets/Asset Store/2D_Character_Rust/Textures/Leg_R_01.png
  artifactKey: Guid(5a2b42072e0470e4394e57fc0022443d) Importer(815301076,1909f56bfc062723c751e8b465ee728b)
Start importing Assets/Asset Store/2D_Character_Rust/Textures/Leg_R_01.png using Guid(5a2b42072e0470e4394e57fc0022443d) Importer(815301076,1909f56bfc062723c751e8b465ee728b)  -> (artifact id: 'cadbb4da9137b63a4914d183c59455a5') in 0.025669 seconds 
  Import took 0.029947 seconds .

========================================================================
Received Import Request.
  Time since last request: 0.000247 seconds.
  path: Assets/Asset Store/2D_Character_Rust/Textures/Leg_R_00.png
  artifactKey: Guid(a1d7d2cb7f55f6d4d870a48e6ede11c4) Importer(815301076,1909f56bfc062723c751e8b465ee728b)
Start importing Assets/Asset Store/2D_Character_Rust/Textures/Leg_R_00.png using Guid(a1d7d2cb7f55f6d4d870a48e6ede11c4) Importer(815301076,1909f56bfc062723c751e8b465ee728b)  -> (artifact id: '426f76270444c8ff922c8791ae9b4f9d') in 0.027536 seconds 
  Import took 0.032304 seconds .

========================================================================
Received Import Request.
  Time since last request: 0.000271 seconds.
  path: Assets/Asset Store/2D_Character_Rust/Textures/Eye_L_00.png
  artifactKey: Guid(0a6234195c7dcf448a26e6505c2cabbf) Importer(815301076,1909f56bfc062723c751e8b465ee728b)
Start importing Assets/Asset Store/2D_Character_Rust/Textures/Eye_L_00.png using Guid(0a6234195c7dcf448a26e6505c2cabbf) Importer(815301076,1909f56bfc062723c751e8b465ee728b)  -> (artifact id: '4491973b45c3243662a5615adf049039') in 0.025142 seconds 
  Import took 0.029195 seconds .

========================================================================
Received Import Request.
  Time since last request: 0.000447 seconds.
  path: Assets/Asset Store/2D_Character_Rust/Textures/Hand_L_01.png
  artifactKey: Guid(805a04b404f240843a9dbbcb965096e8) Importer(815301076,1909f56bfc062723c751e8b465ee728b)
Start importing Assets/Asset Store/2D_Character_Rust/Textures/Hand_L_01.png using Guid(805a04b404f240843a9dbbcb965096e8) Importer(815301076,1909f56bfc062723c751e8b465ee728b)  -> (artifact id: '4a8f72232c40227f0a09f90a0d4f3979') in 0.027374 seconds 
  Import took 0.031789 seconds .

========================================================================
Received Import Request.
  Time since last request: 0.000234 seconds.
  path: Assets/Asset Store/2D_Character_Rust/Textures/Hand_L_10.png
  artifactKey: Guid(1bec64fb02074ba41bc82f35c5ef34f8) Importer(815301076,1909f56bfc062723c751e8b465ee728b)
Start importing Assets/Asset Store/2D_Character_Rust/Textures/Hand_L_10.png using Guid(1bec64fb02074ba41bc82f35c5ef34f8) Importer(815301076,1909f56bfc062723c751e8b465ee728b)  -> (artifact id: 'e18d4c247e31d7bf1cb14604d17432ba') in 0.024769 seconds 
  Import took 0.029669 seconds .

========================================================================
Received Import Request.
  Time since last request: 0.000257 seconds.
  path: Assets/Asset Store/2D_Character_Rust/Textures/Hand_R_05.png
  artifactKey: Guid(587427c76caf74241be9fcf86cf28a2e) Importer(815301076,1909f56bfc062723c751e8b465ee728b)
Start importing Assets/Asset Store/2D_Character_Rust/Textures/Hand_R_05.png using Guid(587427c76caf74241be9fcf86cf28a2e) Importer(815301076,1909f56bfc062723c751e8b465ee728b)  -> (artifact id: '08f019a3f7b23441a00dcacc38e21aa3') in 0.031823 seconds 
  Import took 0.038533 seconds .

========================================================================
Received Import Request.
  Time since last request: 0.000283 seconds.
  path: Assets/Asset Store/2D_Character_Rust/Textures/Hand_R_03.png
  artifactKey: Guid(1dd47ab2656c63343a220d546b638485) Importer(815301076,1909f56bfc062723c751e8b465ee728b)
Start importing Assets/Asset Store/2D_Character_Rust/Textures/Hand_R_03.png using Guid(1dd47ab2656c63343a220d546b638485) Importer(815301076,1909f56bfc062723c751e8b465ee728b)  -> (artifact id: '43dcdc135c2668b4d2c9b6b2535ea977') in 0.026995 seconds 
  Import took 0.032665 seconds .

========================================================================
Received Import Request.
  Time since last request: 0.000273 seconds.
  path: Assets/Asset Store/2D_Character_Rust/Textures/Gun_Demo_2.png
  artifactKey: Guid(2cd7ab3ae29bd554e9bccde6210a654d) Importer(815301076,1909f56bfc062723c751e8b465ee728b)
Start importing Assets/Asset Store/2D_Character_Rust/Textures/Gun_Demo_2.png using Guid(2cd7ab3ae29bd554e9bccde6210a654d) Importer(815301076,1909f56bfc062723c751e8b465ee728b)  -> (artifact id: 'de051d9f638f4089437416e8fd70beac') in 0.026293 seconds 
  Import took 0.030026 seconds .

========================================================================
Received Import Request.
  Time since last request: 0.000227 seconds.
  path: Assets/Asset Store/2D_Character_Rust/Textures/Eye_R_00.png
  artifactKey: Guid(2801ecb3ee54706419211cadc4365019) Importer(815301076,1909f56bfc062723c751e8b465ee728b)
Start importing Assets/Asset Store/2D_Character_Rust/Textures/Eye_R_00.png using Guid(2801ecb3ee54706419211cadc4365019) Importer(815301076,1909f56bfc062723c751e8b465ee728b)  -> (artifact id: '4fdc464f8fed0f557205f5c975dca272') in 0.026686 seconds 
  Import took 0.031517 seconds .

========================================================================
Received Import Request.
  Time since last request: 0.000294 seconds.
  path: Assets/Asset Store/2D_Character_Rust/Textures/Gun_Demo_7.png
  artifactKey: Guid(ecd49e41933490142affdc8400d16a91) Importer(815301076,1909f56bfc062723c751e8b465ee728b)
Start importing Assets/Asset Store/2D_Character_Rust/Textures/Gun_Demo_7.png using Guid(ecd49e41933490142affdc8400d16a91) Importer(815301076,1909f56bfc062723c751e8b465ee728b)  -> (artifact id: '9357a5e24d3eb98fb4c79f1b21094a29') in 0.030116 seconds 
  Import took 0.034054 seconds .

========================================================================
Received Import Request.
  Time since last request: 0.000231 seconds.
  path: Assets/Asset Store/2D_Character_Rust/Textures/Hand_R_06.png
  artifactKey: Guid(d316808792876fc499d9cba9df27854d) Importer(815301076,1909f56bfc062723c751e8b465ee728b)
Start importing Assets/Asset Store/2D_Character_Rust/Textures/Hand_R_06.png using Guid(d316808792876fc499d9cba9df27854d) Importer(815301076,1909f56bfc062723c751e8b465ee728b)  -> (artifact id: '1413bc5706eecee7aecce56d8a57e2c2') in 0.025377 seconds 
  Import took 0.030438 seconds .

========================================================================
Received Import Request.
  Time since last request: 0.000269 seconds.
  path: Assets/Asset Store/2D_Character_Rust/Textures/Hand_L_02.png
  artifactKey: Guid(52eacea0c03a9a941b33b25b75f042e6) Importer(815301076,1909f56bfc062723c751e8b465ee728b)
Start importing Assets/Asset Store/2D_Character_Rust/Textures/Hand_L_02.png using Guid(52eacea0c03a9a941b33b25b75f042e6) Importer(815301076,1909f56bfc062723c751e8b465ee728b)  -> (artifact id: '0bf94ddc38d0bf6b1e4e1d047da6977b') in 0.030988 seconds 
  Import took 0.036250 seconds .

========================================================================
Received Import Request.
  Time since last request: 0.000295 seconds.
  path: Assets/Asset Store/2D_Character_Rust/Textures/Leg_L_00.png
  artifactKey: Guid(17cd1b8ca9483a24fb8c49d736507d2d) Importer(815301076,1909f56bfc062723c751e8b465ee728b)
Start importing Assets/Asset Store/2D_Character_Rust/Textures/Leg_L_00.png using Guid(17cd1b8ca9483a24fb8c49d736507d2d) Importer(815301076,1909f56bfc062723c751e8b465ee728b)  -> (artifact id: '2a93a7170eeaa530d52ff0fd1f4d5fa1') in 0.027927 seconds 
  Import took 0.033578 seconds .

========================================================================
Received Import Request.
  Time since last request: 0.000294 seconds.
  path: Assets/Asset Store/2D_Character_Rust/Textures/Gun_Demo_4.png
  artifactKey: Guid(1fa745c67d9755f49878b722d7240f07) Importer(815301076,1909f56bfc062723c751e8b465ee728b)
Start importing Assets/Asset Store/2D_Character_Rust/Textures/Gun_Demo_4.png using Guid(1fa745c67d9755f49878b722d7240f07) Importer(815301076,1909f56bfc062723c751e8b465ee728b)  -> (artifact id: '278594017407fc28b5b9a02b4d617244') in 0.031889 seconds 
  Import took 0.037377 seconds .

========================================================================
Received Import Request.
  Time since last request: 0.000506 seconds.
  path: Assets/Asset Store/2D_Character_Rust/Textures/Leg_L_02.png
  artifactKey: Guid(0e3a0e1e7ccc20644b7dcddff7d82e6e) Importer(815301076,1909f56bfc062723c751e8b465ee728b)
Start importing Assets/Asset Store/2D_Character_Rust/Textures/Leg_L_02.png using Guid(0e3a0e1e7ccc20644b7dcddff7d82e6e) Importer(815301076,1909f56bfc062723c751e8b465ee728b)  -> (artifact id: '039d9f0c670c38cc75a99fcc6b0d91fa') in 0.028202 seconds 
  Import took 0.033319 seconds .

========================================================================
Received Import Request.
  Time since last request: 0.000276 seconds.
  path: Assets/Asset Store/2D_Character_Rust/Textures/Hand_R_00.png
  artifactKey: Guid(c2623c12ff46ebc4298d25de6e1d73e5) Importer(815301076,1909f56bfc062723c751e8b465ee728b)
Start importing Assets/Asset Store/2D_Character_Rust/Textures/Hand_R_00.png using Guid(c2623c12ff46ebc4298d25de6e1d73e5) Importer(815301076,1909f56bfc062723c751e8b465ee728b)  -> (artifact id: '65f1b13d4b018117e560b9d99cc022bf') in 0.031685 seconds 
  Import took 0.036814 seconds .

========================================================================
Received Import Request.
  Time since last request: 0.000268 seconds.
  path: Assets/Asset Store/2D_Character_Rust/Textures/Hand_R_04.png
  artifactKey: Guid(a2056b10d80a0a14f948273bfbdffaec) Importer(815301076,1909f56bfc062723c751e8b465ee728b)
Start importing Assets/Asset Store/2D_Character_Rust/Textures/Hand_R_04.png using Guid(a2056b10d80a0a14f948273bfbdffaec) Importer(815301076,1909f56bfc062723c751e8b465ee728b)  -> (artifact id: 'd7df2cfba7f45876569f730525e13197') in 0.032901 seconds 
  Import took 0.038758 seconds .

========================================================================
Received Import Request.
  Time since last request: 0.000339 seconds.
  path: Assets/Asset Store/2D_Character_Rust/Textures/Gun_Demo_3.png
  artifactKey: Guid(954469d1361566e499fae14cecd1f957) Importer(815301076,1909f56bfc062723c751e8b465ee728b)
Start importing Assets/Asset Store/2D_Character_Rust/Textures/Gun_Demo_3.png using Guid(954469d1361566e499fae14cecd1f957) Importer(815301076,1909f56bfc062723c751e8b465ee728b)  -> (artifact id: '35a1d9b01a2d3daddfba9c43b5b15df6') in 0.038734 seconds 
  Import took 0.047714 seconds .

========================================================================
Received Import Request.
  Time since last request: 0.000281 seconds.
  path: Assets/Asset Store/2D_Character_Rust/Textures/Gun_Demo_5.png
  artifactKey: Guid(bac9f33c35658554cb469db75cd70dca) Importer(815301076,1909f56bfc062723c751e8b465ee728b)
Start importing Assets/Asset Store/2D_Character_Rust/Textures/Gun_Demo_5.png using Guid(bac9f33c35658554cb469db75cd70dca) Importer(815301076,1909f56bfc062723c751e8b465ee728b)  -> (artifact id: 'ca83f66433c02b99aeee8ea2945cf454') in 0.035732 seconds 
  Import took 0.041524 seconds .

========================================================================
Received Import Request.
  Time since last request: 0.000265 seconds.
  path: Assets/Asset Store/2D_Character_Rust/Textures/Hand_R_10.png
  artifactKey: Guid(5b97070d825ddb14f97c8a9066368bc9) Importer(815301076,1909f56bfc062723c751e8b465ee728b)
Start importing Assets/Asset Store/2D_Character_Rust/Textures/Hand_R_10.png using Guid(5b97070d825ddb14f97c8a9066368bc9) Importer(815301076,1909f56bfc062723c751e8b465ee728b)  -> (artifact id: '4b62bb8db9cedc44c226dbcd629e7eb4') in 0.029202 seconds 
  Import took 0.034279 seconds .

========================================================================
Received Import Request.
  Time since last request: 0.000268 seconds.
  path: Assets/Asset Store/2D_Character_Rust/Textures/Leg_L_01.png
  artifactKey: Guid(cec5cdd448ea26343987ed2e57fae7bd) Importer(815301076,1909f56bfc062723c751e8b465ee728b)
Start importing Assets/Asset Store/2D_Character_Rust/Textures/Leg_L_01.png using Guid(cec5cdd448ea26343987ed2e57fae7bd) Importer(815301076,1909f56bfc062723c751e8b465ee728b)  -> (artifact id: '41fdda90fbf17f3fe5d5cce5e6d6ea07') in 0.032274 seconds 
  Import took 0.036978 seconds .

========================================================================
Received Import Request.
  Time since last request: 0.000266 seconds.
  path: Assets/Asset Store/2D_Character_Rust/Textures/Leg_R_02.png
  artifactKey: Guid(0e4def252e16d194385d5471be345be7) Importer(815301076,1909f56bfc062723c751e8b465ee728b)
Start importing Assets/Asset Store/2D_Character_Rust/Textures/Leg_R_02.png using Guid(0e4def252e16d194385d5471be345be7) Importer(815301076,1909f56bfc062723c751e8b465ee728b)  -> (artifact id: '9f19744942280af74cfc8bb9ea87ec1e') in 0.023228 seconds 
  Import took 0.027484 seconds .

========================================================================
Received Import Request.
  Time since last request: 0.000254 seconds.
  path: Assets/Asset Store/2D_Character_Rust/Textures/Hand_L_03.png
  artifactKey: Guid(b9f431afae697cb4796e5aa7175bf64b) Importer(815301076,1909f56bfc062723c751e8b465ee728b)
Start importing Assets/Asset Store/2D_Character_Rust/Textures/Hand_L_03.png using Guid(b9f431afae697cb4796e5aa7175bf64b) Importer(815301076,1909f56bfc062723c751e8b465ee728b)  -> (artifact id: 'a34dcd82b68353cb182d2e9f15f9976b') in 0.023838 seconds 
  Import took 0.028203 seconds .

========================================================================
Received Import Request.
  Time since last request: 21.005824 seconds.
  path: Assets/Asset Store/Gordo/Gordo.prefab
  artifactKey: Guid(b6ed95875921a1f4f9c6f17b9f812b11) Importer(815301076,1909f56bfc062723c751e8b465ee728b)
Start importing Assets/Asset Store/Gordo/Gordo.prefab using Guid(b6ed95875921a1f4f9c6f17b9f812b11) Importer(815301076,1909f56bfc062723c751e8b465ee728b)  -> (artifact id: '94cbe6ad7c2c8c2aecdd7ad8ed0e7d3d') in 0.144261 seconds 
  Import took 0.148052 seconds .

========================================================================
Received Import Request.
  Time since last request: 1.560011 seconds.
  path: Assets/Asset Store/Gordo/Prefabs
  artifactKey: Guid(4bfdc9b439cabc34599dc5152eb27362) Importer(815301076,1909f56bfc062723c751e8b465ee728b)
Start importing Assets/Asset Store/Gordo/Prefabs using Guid(4bfdc9b439cabc34599dc5152eb27362) Importer(815301076,1909f56bfc062723c751e8b465ee728b)  -> (artifact id: '871a8c535079100508ae6097e39376c8') in 0.008167 seconds 
  Import took 0.011043 seconds .

========================================================================
Received Import Request.
  Time since last request: 1.373759 seconds.
  path: Assets/Asset Store/Gordo/Animations
  artifactKey: Guid(b4c89ed49acd5a64d991b621ec74c93d) Importer(815301076,1909f56bfc062723c751e8b465ee728b)
Start importing Assets/Asset Store/Gordo/Animations using Guid(b4c89ed49acd5a64d991b621ec74c93d) Importer(815301076,1909f56bfc062723c751e8b465ee728b)  -> (artifact id: '2364c0339c1f73e32ead2c3fb7a7aa0c') in 0.008205 seconds 
  Import took 0.011485 seconds .

========================================================================
Received Import Request.
  Time since last request: 1.512734 seconds.
  path: Assets/Asset Store/Gordo/Animations/Jump_01.anim
  artifactKey: Guid(0bc859b9896803849b5a26bbb7bb58bc) Importer(815301076,1909f56bfc062723c751e8b465ee728b)
Start importing Assets/Asset Store/Gordo/Animations/Jump_01.anim using Guid(0bc859b9896803849b5a26bbb7bb58bc) Importer(815301076,1909f56bfc062723c751e8b465ee728b)  -> (artifact id: '3ca92a448af87f29da159d2e2ae61e97') in 0.010290 seconds 
  Import took 0.013113 seconds .

========================================================================
Received Import Request.
  Time since last request: 221.563799 seconds.
  path: Assets/Asset Store/Gordo/Animations/GordoAnimCtl.controller
  artifactKey: Guid(1b77802114ed5324fb90dda7febda2ba) Importer(815301076,1909f56bfc062723c751e8b465ee728b)
Start importing Assets/Asset Store/Gordo/Animations/GordoAnimCtl.controller using Guid(1b77802114ed5324fb90dda7febda2ba) Importer(815301076,1909f56bfc062723c751e8b465ee728b)  -> (artifact id: '9848c30bc0ffaf33d03b165c6919442d') in 0.017339 seconds 
  Import took 0.021023 seconds .

========================================================================
Received Prepare
Registering precompiled user dll's ...
Registered in 0.012033 seconds.
Begin MonoManager ReloadAssembly
Native extension for WindowsStandalone target not found
Refreshing native plugins compatible for Editor in 0.74 ms, found 2 plugins.
Preloading 0 native plugins for Editor in 0.00 ms.
Mono: successfully reloaded assembly
- Completed reload, in  1.374 seconds
Domain Reload Profiling:
	ReloadAssembly (1374ms)
		BeginReloadAssembly (213ms)
			ExecutionOrderSort (0ms)
			DisableScriptedObjects (8ms)
			BackupInstance (0ms)
			ReleaseScriptingObjects (0ms)
			CreateAndSetChildDomain (101ms)
		EndReloadAssembly (1080ms)
			LoadAssemblies (131ms)
			RebuildTransferFunctionScriptingTraits (0ms)
			SetupTypeCache (393ms)
			ReleaseScriptCaches (1ms)
			RebuildScriptCaches (49ms)
			SetupLoadedEditorAssemblies (372ms)
				LogAssemblyErrors (0ms)
				InitializePlatformSupportModulesInManaged (5ms)
				SetLoadedEditorAssemblies (1ms)
				RefreshPlugins (1ms)
				BeforeProcessingInitializeOnLoad (98ms)
				ProcessInitializeOnLoadAttributes (248ms)
				ProcessInitializeOnLoadMethodAttributes (15ms)
				AfterProcessingInitializeOnLoad (3ms)
				EditorAssembliesLoaded (0ms)
			ExecutionOrderSort2 (0ms)
			AwakeInstancesAfterBackupRestoration (9ms)
Platform modules already initialized, skipping
Refreshing native plugins compatible for Editor in 0.79 ms, found 2 plugins.
Preloading 0 native plugins for Editor in 0.00 ms.
Unloading 1736 Unused Serialized files (Serialized files now loaded: 0)
System memory in use before: 79.3 MB.
System memory in use after: 79.4 MB.

Unloading 19 unused Assets to reduce memory usage. Loaded Objects now: 2247.
Total: 3.633700 ms (FindLiveObjects: 0.209400 ms CreateObjectMapping: 0.080400 ms MarkObjects: 3.313700 ms  DeleteObjects: 0.028800 ms)

AssetImportParameters requested are different than current active one (requested -> active):
  custom:framework-win-MediaFoundation: 216162199b28c13a410421893ffa2e32 -> 
  custom:video-decoder-ogg-theora: a1e56fd34408186e4bbccfd4996cb3dc -> 
  custom:container-muxer-webm: aa71ff27fc2769a1b78a27578f13a17b -> 
  custom:container-demuxer-webm: 4f35f7cbe854078d1ac9338744f61a02 -> 
  custom:container-demuxer-ogg: 62fdf1f143b41e24485cea50d1cbac27 -> 
  custom:video-encoder-webm-vp8: eb34c28f22e8b96e1ab97ce403110664 -> 
  custom:video-codec-MediaFoundation-h265: 746d11721c4dcdbdad8f713fa42b33f4 -> 
  custom:video-decoder-webm-vp8: 9c59270c3fd7afecdb556c50c9e8de78 -> 
  custom:audio-decoder-ogg-vorbis: bf7c407c2cedff20999df2af8eb42d56 -> 
  custom:audio-encoder-webm-vorbis: bf7c407c2cedff20999df2af8eb42d56 -> 
========================================================================
Received Import Request.
  Time since last request: 55.508508 seconds.
  path: Assets/Asset Store/Gordo/Animations/Idle_01.anim
  artifactKey: Guid(eaf9493b9af6f934e800e9c7e2613b75) Importer(815301076,1909f56bfc062723c751e8b465ee728b)
Start importing Assets/Asset Store/Gordo/Animations/Idle_01.anim using Guid(eaf9493b9af6f934e800e9c7e2613b75) Importer(815301076,1909f56bfc062723c751e8b465ee728b)  -> (artifact id: '0b8488e10e36ba7b5fc2f40ba7bcdf22') in 0.022094 seconds 
  Import took 0.025157 seconds .

========================================================================
Received Import Request.
  Time since last request: 30.207987 seconds.
  path: Assets/Asset Store/Gordo/Animations/PlayerControl.controller
  artifactKey: Guid(566aa42e1c445ff458699e4a3265ddb2) Importer(815301076,1909f56bfc062723c751e8b465ee728b)
Start importing Assets/Asset Store/Gordo/Animations/PlayerControl.controller using Guid(566aa42e1c445ff458699e4a3265ddb2) Importer(815301076,1909f56bfc062723c751e8b465ee728b)  -> (artifact id: '3d6c3bf422755bccd316b17c414764ac') in 0.013883 seconds 
  Import took 0.018127 seconds .

========================================================================
Received Import Request.
  Time since last request: 40.451000 seconds.
  path: Assets/Asset Store/Gordo/Animations/Hi_01.anim
  artifactKey: Guid(6ced8d65dbdfeaa4ea96c36e0f2dc0c4) Importer(815301076,1909f56bfc062723c751e8b465ee728b)
Start importing Assets/Asset Store/Gordo/Animations/Hi_01.anim using Guid(6ced8d65dbdfeaa4ea96c36e0f2dc0c4) Importer(815301076,1909f56bfc062723c751e8b465ee728b)  -> (artifact id: '075da99a32790374f422aee8f8db98f1') in 0.007922 seconds 
  Import took 0.011422 seconds .

AssetImportWorkerClient::OnTransportError - code=2 error=End of file
